<?xml version="1.0" encoding="UTF-8"?>
<!-- Generated by org.testng.reporters.JUnitReportReporter -->
<testsuite hostname="DESKTOP-Q9F8P63" failures="0" tests="1" name="testCases.TC_002_LoginTest" time="3.207" errors="0" timestamp="2023-01-27T15:42:33 IST" skipped="0">
  <testcase classname="testCases.TC_002_LoginTest" name="test_Login" time="3.207"/>
  <system-out/>
</testsuite> <!-- testCases.TC_002_LoginTest -->
